<?xml version="1.0" encoding="UTF-8"?>
<testsuite name="LottoGameTest" tests="12" skipped="0" failures="0" errors="0" timestamp="2020-12-17T12:39:59" hostname="cuui-MacBookPro.local" time="0.844">
  <properties/>
  <testcase name="수익률을_계산한다(List, int, double)[1]" classname="LottoGameTest" time="0.051"/>
  <testcase name="수익률을_계산한다(List, int, double)[2]" classname="LottoGameTest" time="0.001"/>
  <testcase name="수익률을_계산한다(List, int, double)[3]" classname="LottoGameTest" time="0.002"/>
  <testcase name="수익률을_계산한다(List, int, double)[4]" classname="LottoGameTest" time="0.001"/>
  <testcase name="수익률을_계산한다(List, int, double)[5]" classname="LottoGameTest" time="0.001"/>
  <testcase name="수동으로_구매할_로또를_제외하고_자동으로_로또를_구입한다(List, int)[1]" classname="LottoGameTest" time="0.006"/>
  <testcase name="수동으로_구매할_로또를_제외하고_자동으로_로또를_구입한다(List, int)[2]" classname="LottoGameTest" time="0.001"/>
  <testcase name="수동으로_구매할_로또를_제외하고_자동으로_로또를_구입한다(List, int)[3]" classname="LottoGameTest" time="0.001"/>
  <testcase name="당첨번호를_비교해본다(int[], String, int, Score, int)[1]" classname="LottoGameTest" time="0.75"/>
  <testcase name="당첨번호를_비교해본다(int[], String, int, Score, int)[2]" classname="LottoGameTest" time="0.003"/>
  <testcase name="당첨번호를_비교해본다(int[], String, int, Score, int)[3]" classname="LottoGameTest" time="0.003"/>
  <testcase name="당첨번호를_비교해본다(int[], String, int, Score, int)[4]" classname="LottoGameTest" time="0.002"/>
  <system-out><![CDATA[]]></system-out>
  <system-err><![CDATA[]]></system-err>
</testsuite>
