<?xml version="1.0" encoding="UTF-8"?>
<testsuite name="LottoGameTest$로또_구입_금액을_입력하면_구입_금액에_해당하는_로또를_발급한다" tests="6" skipped="0" failures="0" errors="0" timestamp="2020-12-17T12:40:00" hostname="cuui-MacBookPro.local" time="0.044">
  <properties/>
  <testcase name="로또_구입_금액이_1000원_미만일_경우_RuntimeException을_발생시킨다(int)[1]" classname="LottoGameTest$로또_구입_금액을_입력하면_구입_금액에_해당하는_로또를_발급한다" time="0.004"/>
  <testcase name="로또_구입_금액이_1000원_미만일_경우_RuntimeException을_발생시킨다(int)[2]" classname="LottoGameTest$로또_구입_금액을_입력하면_구입_금액에_해당하는_로또를_발급한다" time="0.001"/>
  <testcase name="로또_구입_금액이_1000원_미만일_경우_RuntimeException을_발생시킨다(int)[3]" classname="LottoGameTest$로또_구입_금액을_입력하면_구입_금액에_해당하는_로또를_발급한다" time="0.0"/>
  <testcase name="로또_1장의_가격은_1000원이다(int, int)[1]" classname="LottoGameTest$로또_구입_금액을_입력하면_구입_금액에_해당하는_로또를_발급한다" time="0.001"/>
  <testcase name="로또_1장의_가격은_1000원이다(int, int)[2]" classname="LottoGameTest$로또_구입_금액을_입력하면_구입_금액에_해당하는_로또를_발급한다" time="0.001"/>
  <testcase name="로또_1장의_가격은_1000원이다(int, int)[3]" classname="LottoGameTest$로또_구입_금액을_입력하면_구입_금액에_해당하는_로또를_발급한다" time="0.0"/>
  <system-out><![CDATA[]]></system-out>
  <system-err><![CDATA[]]></system-err>
</testsuite>
