<?xml version="1.0" encoding="UTF-8"?>
<testsuite name="camp.nextstep.slack.SlackRepositoryTest" tests="1" skipped="0" failures="1" errors="0" timestamp="2020-12-19T13:33:17" hostname="cuui-MacBookPro.local" time="1.107">
  <properties/>
  <testcase name="Slack 특정 채널의 히스토리(Thread 포함)를 조회한다()" classname="camp.nextstep.slack.SlackRepositoryTest" time="1.107">
    <failure message="org.opentest4j.AssertionFailedError: &#10;Expecting:&#10; &lt;false&gt;&#10;to be equal to:&#10; &lt;true&gt;&#10;but was not." type="org.opentest4j.AssertionFailedError">org.opentest4j.AssertionFailedError: 
Expecting:
 &lt;false&gt;
to be equal to:
 &lt;true&gt;
but was not.
	at java.base/jdk.internal.reflect.NativeConstructorAccessorImpl.newInstance0(Native Method)
	at java.base/jdk.internal.reflect.NativeConstructorAccessorImpl.newInstance(NativeConstructorAccessorImpl.java:62)
	at java.base/jdk.internal.reflect.DelegatingConstructorAccessorImpl.newInstance(DelegatingConstructorAccessorImpl.java:45)
	at java.base/java.lang.reflect.Constructor.newInstanceWithCaller(Constructor.java:500)
	at camp.nextstep.slack.SlackRepositoryTest.Slack 특정 채널의 히스토리(Thread 포함)를 조회한다(SlackRepositoryTest.kt:77)
	at java.base/jdk.internal.reflect.NativeMethodAccessorImpl.invoke0(Native Method)
	at java.base/jdk.internal.reflect.NativeMethodAccessorImpl.invoke(NativeMethodAccessorImpl.java:62)
	at java.base/jdk.internal.reflect.DelegatingMethodAccessorImpl.invoke(DelegatingMethodAccessorImpl.java:43)
	at java.base/java.lang.reflect.Method.invoke(Method.java:564)
	at org.junit.platform.commons.util.ReflectionUtils.invokeMethod(ReflectionUtils.java:628)
	at org.junit.jupiter.engine.execution.ExecutableInvoker.invoke(ExecutableInvoker.java:117)
	at org.junit.jupiter.engine.descriptor.TestMethodTestDescriptor.lambda$invokeTestMethod$7(TestMethodTestDescriptor.java:184)
	at org.junit.platform.engine.support.hierarchical.ThrowableCollector.execute(ThrowableCollector.java:73)
	at org.junit.jupiter.engine.descriptor.TestMethodTestDescriptor.invokeTestMethod(TestMethodTestDescriptor.java:180)
	at org.junit.jupiter.engine.descriptor.TestMethodTestDescriptor.execute(TestMethodTestDescriptor.java:127)
	at org.junit.jupiter.engine.descriptor.TestMethodTestDescriptor.execute(TestMethodTestDescriptor.java:68)
	at org.junit.platform.engine.support.hierarchical.NodeTestTask.lambda$executeRecursively$5(NodeTestTask.java:135)
	at org.junit.platform.engine.support.hierarchical.ThrowableCollector.execute(ThrowableCollector.java:73)
	at org.junit.platform.engine.support.hierarchical.NodeTestTask.lambda$executeRecursively$7(NodeTestTask.java:125)
	at org.junit.platform.engine.support.hierarchical.Node.around(Node.java:135)
	at org.junit.platform.engine.support.hierarchical.NodeTestTask.lambda$executeRecursively$8(NodeTestTask.java:123)
	at org.junit.platform.engine.support.hierarchical.ThrowableCollector.execute(ThrowableCollector.java:73)
	at org.junit.platform.engine.support.hierarchical.NodeTestTask.executeRecursively(NodeTestTask.java:122)
	at org.junit.platform.engine.support.hierarchical.NodeTestTask.execute(NodeTestTask.java:80)
	at java.base/java.util.ArrayList.forEach(ArrayList.java:1510)
	at org.junit.platform.engine.support.hierarchical.SameThreadHierarchicalTestExecutorService.invokeAll(SameThreadHierarchicalTestExecutorService.java:38)
	at org.junit.platform.engine.support.hierarchical.NodeTestTask.lambda$executeRecursively$5(NodeTestTask.java:139)
	at org.junit.platform.engine.support.hierarchical.ThrowableCollector.execute(ThrowableCollector.java:73)
	at org.junit.platform.engine.support.hierarchical.NodeTestTask.lambda$executeRecursively$7(NodeTestTask.java:125)
	at org.junit.platform.engine.support.hierarchical.Node.around(Node.java:135)
	at org.junit.platform.engine.support.hierarchical.NodeTestTask.lambda$executeRecursively$8(NodeTestTask.java:123)
	at org.junit.platform.engine.support.hierarchical.ThrowableCollector.execute(ThrowableCollector.java:73)
	at org.junit.platform.engine.support.hierarchical.NodeTestTask.executeRecursively(NodeTestTask.java:122)
	at org.junit.platform.engine.support.hierarchical.NodeTestTask.execute(NodeTestTask.java:80)
	at java.base/java.util.ArrayList.forEach(ArrayList.java:1510)
	at org.junit.platform.engine.support.hierarchical.SameThreadHierarchicalTestExecutorService.invokeAll(SameThreadHierarchicalTestExecutorService.java:38)
	at org.junit.platform.engine.support.hierarchical.NodeTestTask.lambda$executeRecursively$5(NodeTestTask.java:139)
	at org.junit.platform.engine.support.hierarchical.ThrowableCollector.execute(ThrowableCollector.java:73)
	at org.junit.platform.engine.support.hierarchical.NodeTestTask.lambda$executeRecursively$7(NodeTestTask.java:125)
	at org.junit.platform.engine.support.hierarchical.Node.around(Node.java:135)
	at org.junit.platform.engine.support.hierarchical.NodeTestTask.lambda$executeRecursively$8(NodeTestTask.java:123)
	at org.junit.platform.engine.support.hierarchical.ThrowableCollector.execute(ThrowableCollector.java:73)
	at org.junit.platform.engine.support.hierarchical.NodeTestTask.executeRecursively(NodeTestTask.java:122)
	at org.junit.platform.engine.support.hierarchical.NodeTestTask.execute(NodeTestTask.java:80)
	at org.junit.platform.engine.support.hierarchical.SameThreadHierarchicalTestExecutorService.submit(SameThreadHierarchicalTestExecutorService.java:32)
	at org.junit.platform.engine.support.hierarchical.HierarchicalTestExecutor.execute(HierarchicalTestExecutor.java:57)
	at org.junit.platform.engine.support.hierarchical.HierarchicalTestEngine.execute(HierarchicalTestEngine.java:51)
	at org.junit.platform.launcher.core.DefaultLauncher.execute(DefaultLauncher.java:220)
	at org.junit.platform.launcher.core.DefaultLauncher.lambda$execute$6(DefaultLauncher.java:188)
	at org.junit.platform.launcher.core.DefaultLauncher.withInterceptedStreams(DefaultLauncher.java:202)
	at org.junit.platform.launcher.core.DefaultLauncher.execute(DefaultLauncher.java:181)
	at org.junit.platform.launcher.core.DefaultLauncher.execute(DefaultLauncher.java:128)
	at org.gradle.api.internal.tasks.testing.junitplatform.JUnitPlatformTestClassProcessor$CollectAllTestClassesExecutor.processAllTestClasses(JUnitPlatformTestClassProcessor.java:99)
	at org.gradle.api.internal.tasks.testing.junitplatform.JUnitPlatformTestClassProcessor$CollectAllTestClassesExecutor.access$000(JUnitPlatformTestClassProcessor.java:79)
	at org.gradle.api.internal.tasks.testing.junitplatform.JUnitPlatformTestClassProcessor.stop(JUnitPlatformTestClassProcessor.java:75)
	at org.gradle.api.internal.tasks.testing.SuiteTestClassProcessor.stop(SuiteTestClassProcessor.java:61)
	at java.base/jdk.internal.reflect.NativeMethodAccessorImpl.invoke0(Native Method)
	at java.base/jdk.internal.reflect.NativeMethodAccessorImpl.invoke(NativeMethodAccessorImpl.java:62)
	at java.base/jdk.internal.reflect.DelegatingMethodAccessorImpl.invoke(DelegatingMethodAccessorImpl.java:43)
	at java.base/java.lang.reflect.Method.invoke(Method.java:564)
	at org.gradle.internal.dispatch.ReflectionDispatch.dispatch(ReflectionDispatch.java:36)
	at org.gradle.internal.dispatch.ReflectionDispatch.dispatch(ReflectionDispatch.java:24)
	at org.gradle.internal.dispatch.ContextClassLoaderDispatch.dispatch(ContextClassLoaderDispatch.java:33)
	at org.gradle.internal.dispatch.ProxyDispatchAdapter$DispatchingInvocationHandler.invoke(ProxyDispatchAdapter.java:94)
	at com.sun.proxy.$Proxy2.stop(Unknown Source)
	at org.gradle.api.internal.tasks.testing.worker.TestWorker.stop(TestWorker.java:132)
	at java.base/jdk.internal.reflect.NativeMethodAccessorImpl.invoke0(Native Method)
	at java.base/jdk.internal.reflect.NativeMethodAccessorImpl.invoke(NativeMethodAccessorImpl.java:62)
	at java.base/jdk.internal.reflect.DelegatingMethodAccessorImpl.invoke(DelegatingMethodAccessorImpl.java:43)
	at java.base/java.lang.reflect.Method.invoke(Method.java:564)
	at org.gradle.internal.dispatch.ReflectionDispatch.dispatch(ReflectionDispatch.java:36)
	at org.gradle.internal.dispatch.ReflectionDispatch.dispatch(ReflectionDispatch.java:24)
	at org.gradle.internal.remote.internal.hub.MessageHubBackedObjectConnection$DispatchWrapper.dispatch(MessageHubBackedObjectConnection.java:182)
	at org.gradle.internal.remote.internal.hub.MessageHubBackedObjectConnection$DispatchWrapper.dispatch(MessageHubBackedObjectConnection.java:164)
	at org.gradle.internal.remote.internal.hub.MessageHub$Handler.run(MessageHub.java:412)
	at org.gradle.internal.concurrent.ExecutorPolicy$CatchAndRecordFailures.onExecute(ExecutorPolicy.java:64)
	at org.gradle.internal.concurrent.ManagedExecutorImpl$1.run(ManagedExecutorImpl.java:48)
	at java.base/java.util.concurrent.ThreadPoolExecutor.runWorker(ThreadPoolExecutor.java:1130)
	at java.base/java.util.concurrent.ThreadPoolExecutor$Worker.run(ThreadPoolExecutor.java:630)
	at org.gradle.internal.concurrent.ThreadFactoryImpl$ManagedThreadRunnable.run(ThreadFactoryImpl.java:56)
	at java.base/java.lang.Thread.run(Thread.java:832)
</failure>
  </testcase>
  <system-out><![CDATA[22:33:13,207 |-INFO in ch.qos.logback.classic.LoggerContext[default] - Could NOT find resource [logback-test.xml]
22:33:13,208 |-INFO in ch.qos.logback.classic.LoggerContext[default] - Could NOT find resource [logback.groovy]
22:33:13,208 |-INFO in ch.qos.logback.classic.LoggerContext[default] - Found resource [logback.xml] at [file:/Users/cu/Workspaces/office/service/archive/build/resources/main/logback.xml]
22:33:13,251 |-INFO in ch.qos.logback.classic.joran.action.ConfigurationAction - debug attribute not set
22:33:13,251 |-INFO in ch.qos.logback.core.joran.action.AppenderAction - About to instantiate appender of type [ch.qos.logback.core.ConsoleAppender]
22:33:13,256 |-INFO in ch.qos.logback.core.joran.action.AppenderAction - Naming appender as [STDOUT]
22:33:13,274 |-WARN in ch.qos.logback.core.ConsoleAppender[STDOUT] - This appender no longer admits a layout as a sub-component, set an encoder instead.
22:33:13,274 |-WARN in ch.qos.logback.core.ConsoleAppender[STDOUT] - To ensure compatibility, wrapping your layout in LayoutWrappingEncoder.
22:33:13,274 |-WARN in ch.qos.logback.core.ConsoleAppender[STDOUT] - See also http://logback.qos.ch/codes.html#layoutInsteadOfEncoder for details
22:33:13,274 |-INFO in ch.qos.logback.classic.joran.action.RootLoggerAction - Setting level of ROOT logger to INFO
22:33:13,274 |-INFO in ch.qos.logback.core.joran.action.AppenderRefAction - Attaching appender named [STDOUT] to Logger[ROOT]
22:33:13,274 |-INFO in ch.qos.logback.classic.joran.action.ConfigurationAction - End of configuration.
22:33:13,275 |-INFO in ch.qos.logback.classic.joran.JoranConfigurator@394d8d6e - Registering current configuration as safe fallback point

22:33:13.327 [INFO ] [Test worker] [o.s.b.t.c.SpringBootTestContextBootstrapper] - Neither @ContextConfiguration nor @ContextHierarchy found for test class [camp.nextstep.slack.SlackRepositoryTest], using SpringBootContextLoader
22:33:13.335 [INFO ] [Test worker] [o.s.t.c.s.AbstractContextLoader] - Could not detect default resource locations for test class [camp.nextstep.slack.SlackRepositoryTest]: no resource found for suffixes {-context.xml, Context.groovy}.
22:33:13.336 [INFO ] [Test worker] [o.s.t.c.s.AnnotationConfigContextLoaderUtils] - Could not detect default configuration classes for test class [camp.nextstep.slack.SlackRepositoryTest]: SlackRepositoryTest does not declare any static, non-private, non-final, nested classes annotated with @Configuration.
22:33:13.444 [INFO ] [Test worker] [o.s.b.t.c.SpringBootTestContextBootstrapper] - Found @SpringBootConfiguration camp.nextstep.Application for test class camp.nextstep.slack.SlackRepositoryTest
22:33:13.505 [INFO ] [Test worker] [o.s.b.t.c.SpringBootTestContextBootstrapper] - Loaded default TestExecutionListener class names from location [META-INF/spring.factories]: [org.springframework.boot.test.autoconfigure.restdocs.RestDocsTestExecutionListener, org.springframework.boot.test.autoconfigure.web.client.MockRestServiceServerResetTestExecutionListener, org.springframework.boot.test.autoconfigure.web.servlet.MockMvcPrintOnlyOnFailureTestExecutionListener, org.springframework.boot.test.autoconfigure.web.servlet.WebDriverTestExecutionListener, org.springframework.boot.test.mock.mockito.MockitoTestExecutionListener, org.springframework.boot.test.mock.mockito.ResetMocksTestExecutionListener, org.springframework.test.context.web.ServletTestExecutionListener, org.springframework.test.context.support.DirtiesContextBeforeModesTestExecutionListener, org.springframework.test.context.support.DependencyInjectionTestExecutionListener, org.springframework.test.context.support.DirtiesContextTestExecutionListener, org.springframework.test.context.transaction.TransactionalTestExecutionListener, org.springframework.test.context.jdbc.SqlScriptsTestExecutionListener, org.springframework.test.context.event.EventPublishingTestExecutionListener]
22:33:13.518 [INFO ] [Test worker] [o.s.b.t.c.SpringBootTestContextBootstrapper] - Using TestExecutionListeners: [org.springframework.test.context.web.ServletTestExecutionListener@467dab2c, org.springframework.test.context.support.DirtiesContextBeforeModesTestExecutionListener@2d7c1969, org.springframework.boot.test.mock.mockito.MockitoTestExecutionListener@732c3b78, org.springframework.boot.test.autoconfigure.SpringBootDependencyInjectionTestExecutionListener@29382b27, org.springframework.test.context.support.DirtiesContextTestExecutionListener@237d1e7, org.springframework.test.context.transaction.TransactionalTestExecutionListener@4fcd2799, org.springframework.test.context.jdbc.SqlScriptsTestExecutionListener@5da832e3, org.springframework.test.context.event.EventPublishingTestExecutionListener@35a14b62, org.springframework.boot.test.autoconfigure.restdocs.RestDocsTestExecutionListener@9251cd8, org.springframework.boot.test.autoconfigure.web.client.MockRestServiceServerResetTestExecutionListener@2f72038a, org.springframework.boot.test.autoconfigure.web.servlet.MockMvcPrintOnlyOnFailureTestExecutionListener@335103ad, org.springframework.boot.test.autoconfigure.web.servlet.WebDriverTestExecutionListener@c94b4fe, org.springframework.boot.test.mock.mockito.ResetMocksTestExecutionListener@2d76ba68]

  .   ____          _            __ _ _
 /\\ / ___'_ __ _ _(_)_ __  __ _ \ \ \ \
( ( )\___ | '_ | '_| | '_ \/ _` | \ \ \ \
 \\/  ___)| |_)| | | | | || (_| |  ) ) ) )
  '  |____| .__|_| |_|_| |_\__, | / / / /
 =========|_|==============|___/=/_/_/_/
 :: Spring Boot ::        (v2.2.6.RELEASE)

22:33:13.785 [INFO ] [Test worker] [c.nextstep.slack.SlackRepositoryTest] - Starting SlackRepositoryTest on cuui-MacBookPro.local with PID 39552 (started by cu in /Users/cu/Workspaces/office/service/archive)
22:33:13.785 [INFO ] [Test worker] [c.nextstep.slack.SlackRepositoryTest] - The following profiles are active: test
22:33:14.287 [INFO ] [Test worker] [o.s.d.r.c.RepositoryConfigurationDelegate] - Bootstrapping Spring Data JPA repositories in DEFAULT mode.
22:33:14.337 [INFO ] [Test worker] [o.s.d.r.c.RepositoryConfigurationDelegate] - Finished Spring Data repository scanning in 44ms. Found 1 JPA repository interfaces.
22:33:14.921 [INFO ] [Test worker] [o.s.b.w.e.tomcat.TomcatWebServer] - Tomcat initialized with port(s): 0 (http)
22:33:14.934 [INFO ] [Test worker] [o.a.coyote.http11.Http11NioProtocol] - Initializing ProtocolHandler ["http-nio-auto-1"]
22:33:14.934 [INFO ] [Test worker] [o.a.catalina.core.StandardService] - Starting service [Tomcat]
22:33:14.935 [INFO ] [Test worker] [o.a.catalina.core.StandardEngine] - Starting Servlet engine: [Apache Tomcat/9.0.33]
22:33:15.035 [INFO ] [Test worker] [o.a.c.c.C.[Tomcat].[localhost].[/]] - Initializing Spring embedded WebApplicationContext
22:33:15.035 [INFO ] [Test worker] [o.s.web.context.ContextLoader] - Root WebApplicationContext: initialization completed in 1230 ms
22:33:15.139 [INFO ] [Test worker] [n.r.s.b.l.a.LogbackAccessContext] - Configured the Logback-access: context=[default], config=[classpath:net/rakugakibox/spring/boot/logback/access/logback-access-spring.xml]
22:33:15.272 [INFO ] [Test worker] [o.h.jpa.internal.util.LogHelper] - HHH000204: Processing PersistenceUnitInfo [name: default]
22:33:15.348 [INFO ] [Test worker] [org.hibernate.Version] - HHH000412: Hibernate ORM core version 5.4.12.Final
22:33:15.486 [INFO ] [Test worker] [o.h.annotations.common.Version] - HCANN000001: Hibernate Commons Annotations {5.1.0.Final}
22:33:15.576 [INFO ] [Test worker] [com.zaxxer.hikari.HikariDataSource] - HikariPool-1 - Starting...
22:33:15.721 [INFO ] [Test worker] [com.zaxxer.hikari.HikariDataSource] - HikariPool-1 - Start completed.
22:33:15.742 [INFO ] [Test worker] [org.hibernate.dialect.Dialect] - HHH000400: Using dialect: org.hibernate.dialect.H2Dialect
Hibernate: 
    
    drop table conversation if exists
Hibernate: 
    
    drop table reply if exists
Hibernate: 
    
    create table conversation (
       id bigint generated by default as identity,
        created_date timestamp not null,
        updated_date timestamp not null,
        conversation_time timestamp,
        message clob,
        user_id varchar(255),
        primary key (id)
    )
Hibernate: 
    
    create table reply (
       id bigint generated by default as identity,
        created_date timestamp not null,
        updated_date timestamp not null,
        message clob,
        reply_time timestamp,
        user_id varchar(255),
        conversation_id bigint,
        primary key (id)
    )
Hibernate: 
    
    alter table reply 
       add constraint fk_reply_conversation 
       foreign key (conversation_id) 
       references conversation
22:33:16.228 [INFO ] [Test worker] [o.h.e.t.j.p.i.JtaPlatformInitiator] - HHH000490: Using JtaPlatform implementation: [org.hibernate.engine.transaction.jta.platform.internal.NoJtaPlatform]
22:33:16.234 [INFO ] [Test worker] [o.s.o.j.LocalContainerEntityManagerFactoryBean] - Initialized JPA EntityManagerFactory for persistence unit 'default'
22:33:16.652 [WARN ] [Test worker] [o.s.b.a.o.j.JpaBaseConfiguration$JpaWebConfiguration] - spring.jpa.open-in-view is enabled by default. Therefore, database queries may be performed during view rendering. Explicitly configure spring.jpa.open-in-view to disable this warning
22:33:16.832 [INFO ] [Test worker] [o.s.s.c.ThreadPoolTaskExecutor] - Initializing ExecutorService 'applicationTaskExecutor'
22:33:17.088 [INFO ] [Test worker] [o.a.coyote.http11.Http11NioProtocol] - Starting ProtocolHandler ["http-nio-auto-1"]
22:33:17.103 [INFO ] [Test worker] [o.s.b.w.e.tomcat.TomcatWebServer] - Tomcat started on port(s): 55931 (http) with context path ''
22:33:17.105 [INFO ] [Test worker] [c.nextstep.slack.SlackRepositoryTest] - Started SlackRepositoryTest in 3.562 seconds (JVM running for 4.574)
]]></system-out>
  <system-err><![CDATA[]]></system-err>
</testsuite>
