<?xml version="1.0" encoding="UTF-8"?>
<testsuite name="camp.nextstep.archive.ConversationRepositoryTest" tests="1" skipped="0" failures="0" errors="0" timestamp="2020-12-17T02:30:46" hostname="cuui-MacBookPro.local" time="0.014">
  <properties/>
  <testcase name="Reply 객체가 저장하는지 확인()" classname="camp.nextstep.archive.ConversationRepositoryTest" time="0.014"/>
  <system-out><![CDATA[11:30:46.342 [INFO ] [Test worker] [o.s.b.t.c.SpringBootTestContextBootstrapper] - Neither @ContextConfiguration nor @ContextHierarchy found for test class [camp.nextstep.archive.ConversationRepositoryTest], using SpringBootContextLoader
11:30:46.342 [INFO ] [Test worker] [o.s.t.c.s.AbstractContextLoader] - Could not detect default resource locations for test class [camp.nextstep.archive.ConversationRepositoryTest]: no resource found for suffixes {-context.xml, Context.groovy}.
11:30:46.342 [INFO ] [Test worker] [o.s.t.c.s.AnnotationConfigContextLoaderUtils] - Could not detect default configuration classes for test class [camp.nextstep.archive.ConversationRepositoryTest]: ConversationRepositoryTest does not declare any static, non-private, non-final, nested classes annotated with @Configuration.
11:30:46.344 [INFO ] [Test worker] [o.s.b.t.c.SpringBootTestContextBootstrapper] - Found @SpringBootConfiguration camp.nextstep.Application for test class camp.nextstep.archive.ConversationRepositoryTest
11:30:46.345 [INFO ] [Test worker] [o.s.b.t.c.SpringBootTestContextBootstrapper] - Loaded default TestExecutionListener class names from location [META-INF/spring.factories]: [org.springframework.boot.test.autoconfigure.restdocs.RestDocsTestExecutionListener, org.springframework.boot.test.autoconfigure.web.client.MockRestServiceServerResetTestExecutionListener, org.springframework.boot.test.autoconfigure.web.servlet.MockMvcPrintOnlyOnFailureTestExecutionListener, org.springframework.boot.test.autoconfigure.web.servlet.WebDriverTestExecutionListener, org.springframework.boot.test.mock.mockito.MockitoTestExecutionListener, org.springframework.boot.test.mock.mockito.ResetMocksTestExecutionListener, org.springframework.test.context.web.ServletTestExecutionListener, org.springframework.test.context.support.DirtiesContextBeforeModesTestExecutionListener, org.springframework.test.context.support.DependencyInjectionTestExecutionListener, org.springframework.test.context.support.DirtiesContextTestExecutionListener, org.springframework.test.context.transaction.TransactionalTestExecutionListener, org.springframework.test.context.jdbc.SqlScriptsTestExecutionListener, org.springframework.test.context.event.EventPublishingTestExecutionListener]
11:30:46.345 [INFO ] [Test worker] [o.s.b.t.c.SpringBootTestContextBootstrapper] - Using TestExecutionListeners: [org.springframework.test.context.web.ServletTestExecutionListener@3f996a4d, org.springframework.test.context.support.DirtiesContextBeforeModesTestExecutionListener@1df8fdfb, org.springframework.boot.test.mock.mockito.MockitoTestExecutionListener@62689420, org.springframework.boot.test.autoconfigure.SpringBootDependencyInjectionTestExecutionListener@2696d64f, org.springframework.test.context.support.DirtiesContextTestExecutionListener@52a90bd2, org.springframework.test.context.transaction.TransactionalTestExecutionListener@8643359, org.springframework.test.context.jdbc.SqlScriptsTestExecutionListener@2e8b7fe1, org.springframework.test.context.event.EventPublishingTestExecutionListener@3ebfe0d1, org.springframework.boot.test.autoconfigure.restdocs.RestDocsTestExecutionListener@24529b4f, org.springframework.boot.test.autoconfigure.web.client.MockRestServiceServerResetTestExecutionListener@d058a67, org.springframework.boot.test.autoconfigure.web.servlet.MockMvcPrintOnlyOnFailureTestExecutionListener@78848851, org.springframework.boot.test.autoconfigure.web.servlet.WebDriverTestExecutionListener@397c46f8, org.springframework.boot.test.mock.mockito.ResetMocksTestExecutionListener@9c43a7b]
11:30:46.353 [INFO ] [Test worker] [o.s.t.c.t.TransactionContext] - Began transaction (1) for test context [DefaultTestContext@2bd7529d testClass = ConversationRepositoryTest, testInstance = camp.nextstep.archive.ConversationRepositoryTest@1a22e88e, testMethod = Reply 객체가 저장하는지 확인@ConversationRepositoryTest, testException = [null], mergedContextConfiguration = [WebMergedContextConfiguration@6285bb41 testClass = ConversationRepositoryTest, locations = '{}', classes = '{class camp.nextstep.Application}', contextInitializerClasses = '[]', activeProfiles = '{test}', propertySourceLocations = '{}', propertySourceProperties = '{org.springframework.boot.test.context.SpringBootTestContextBootstrapper=true}', contextCustomizers = set[org.springframework.boot.test.autoconfigure.properties.PropertyMappingContextCustomizer@0, org.springframework.boot.test.autoconfigure.web.servlet.WebDriverContextCustomizerFactory$Customizer@11406824, org.springframework.boot.test.context.filter.ExcludeFilterContextCustomizer@595032d2, org.springframework.boot.test.json.DuplicateJsonObjectContextCustomizerFactory$DuplicateJsonObjectContextCustomizer@273ed2b3, org.springframework.boot.test.mock.mockito.MockitoContextCustomizer@0, org.springframework.boot.test.web.client.TestRestTemplateContextCustomizer@270a1565], resourceBasePath = 'src/main/webapp', contextLoader = 'org.springframework.boot.test.context.SpringBootContextLoader', parent = [null]], attributes = map['org.springframework.test.context.web.ServletTestExecutionListener.activateListener' -> true, 'org.springframework.test.context.web.ServletTestExecutionListener.populatedRequestContextHolder' -> true, 'org.springframework.test.context.web.ServletTestExecutionListener.resetRequestContextHolder' -> true]]; transaction manager [org.springframework.orm.jpa.JpaTransactionManager@2f31443a]; rollback [true]
Hibernate: 
    insert 
    into
        conversation
        (id, created_date, updated_date, conversation_time, message, user_id) 
    values
        (null, ?, ?, ?, ?, ?)
11:30:46.356 [TRACE] [Test worker] [o.h.type.descriptor.sql.BasicBinder] - binding parameter [1] as [TIMESTAMP] - [2020-12-17T11:30:46.355636]
11:30:46.356 [TRACE] [Test worker] [o.h.type.descriptor.sql.BasicBinder] - binding parameter [2] as [TIMESTAMP] - [2020-12-17T11:30:46.355636]
11:30:46.356 [TRACE] [Test worker] [o.h.type.descriptor.sql.BasicBinder] - binding parameter [3] as [TIMESTAMP] - [2020-05-07T14:18:03.270]
11:30:46.356 [TRACE] [Test worker] [o.h.type.descriptor.sql.BasicBinder] - binding parameter [4] as [CLOB] - [상태를 가지지 않아야 한다는 부분이 헷갈리는데요, 도메인 객체들이 스프링 빈 객체여야 하는건 아니죠..?]
11:30:46.356 [TRACE] [Test worker] [o.h.type.descriptor.sql.BasicBinder] - binding parameter [5] as [VARCHAR] - [USU9TR4HM]
Hibernate: 
    insert 
    into
        reply
        (id, created_date, updated_date, conversation_id, message, reply_time, user_id) 
    values
        (null, ?, ?, ?, ?, ?, ?)
11:30:46.357 [TRACE] [Test worker] [o.h.type.descriptor.sql.BasicBinder] - binding parameter [1] as [TIMESTAMP] - [2020-12-17T11:30:46.356928]
11:30:46.357 [TRACE] [Test worker] [o.h.type.descriptor.sql.BasicBinder] - binding parameter [2] as [TIMESTAMP] - [2020-12-17T11:30:46.356928]
11:30:46.357 [TRACE] [Test worker] [o.h.type.descriptor.sql.BasicBinder] - binding parameter [3] as [BIGINT] - [5]
11:30:46.357 [TRACE] [Test worker] [o.h.type.descriptor.sql.BasicBinder] - binding parameter [4] as [CLOB] - [답변]
11:30:46.357 [TRACE] [Test worker] [o.h.type.descriptor.sql.BasicBinder] - binding parameter [5] as [TIMESTAMP] - [2020-05-07T14:18:03.270]
11:30:46.357 [TRACE] [Test worker] [o.h.type.descriptor.sql.BasicBinder] - binding parameter [6] as [VARCHAR] - [USDLAAJBU]
Hibernate: 
    insert 
    into
        reply
        (id, created_date, updated_date, conversation_id, message, reply_time, user_id) 
    values
        (null, ?, ?, ?, ?, ?, ?)
11:30:46.358 [TRACE] [Test worker] [o.h.type.descriptor.sql.BasicBinder] - binding parameter [1] as [TIMESTAMP] - [2020-12-17T11:30:46.358012]
11:30:46.358 [TRACE] [Test worker] [o.h.type.descriptor.sql.BasicBinder] - binding parameter [2] as [TIMESTAMP] - [2020-12-17T11:30:46.358012]
11:30:46.358 [TRACE] [Test worker] [o.h.type.descriptor.sql.BasicBinder] - binding parameter [3] as [BIGINT] - [5]
11:30:46.358 [TRACE] [Test worker] [o.h.type.descriptor.sql.BasicBinder] - binding parameter [4] as [CLOB] - [답변2]
11:30:46.358 [TRACE] [Test worker] [o.h.type.descriptor.sql.BasicBinder] - binding parameter [5] as [TIMESTAMP] - [2020-05-07T14:18:04.270]
11:30:46.358 [TRACE] [Test worker] [o.h.type.descriptor.sql.BasicBinder] - binding parameter [6] as [VARCHAR] - [USDLAABCD]
11:30:46.367 [INFO ] [Test worker] [o.s.t.c.t.TransactionContext] - Rolled back transaction for test: [DefaultTestContext@2bd7529d testClass = ConversationRepositoryTest, testInstance = camp.nextstep.archive.ConversationRepositoryTest@1a22e88e, testMethod = Reply 객체가 저장하는지 확인@ConversationRepositoryTest, testException = [null], mergedContextConfiguration = [WebMergedContextConfiguration@6285bb41 testClass = ConversationRepositoryTest, locations = '{}', classes = '{class camp.nextstep.Application}', contextInitializerClasses = '[]', activeProfiles = '{test}', propertySourceLocations = '{}', propertySourceProperties = '{org.springframework.boot.test.context.SpringBootTestContextBootstrapper=true}', contextCustomizers = set[org.springframework.boot.test.autoconfigure.properties.PropertyMappingContextCustomizer@0, org.springframework.boot.test.autoconfigure.web.servlet.WebDriverContextCustomizerFactory$Customizer@11406824, org.springframework.boot.test.context.filter.ExcludeFilterContextCustomizer@595032d2, org.springframework.boot.test.json.DuplicateJsonObjectContextCustomizerFactory$DuplicateJsonObjectContextCustomizer@273ed2b3, org.springframework.boot.test.mock.mockito.MockitoContextCustomizer@0, org.springframework.boot.test.web.client.TestRestTemplateContextCustomizer@270a1565], resourceBasePath = 'src/main/webapp', contextLoader = 'org.springframework.boot.test.context.SpringBootContextLoader', parent = [null]], attributes = map['org.springframework.test.context.web.ServletTestExecutionListener.activateListener' -> true, 'org.springframework.test.context.web.ServletTestExecutionListener.populatedRequestContextHolder' -> true, 'org.springframework.test.context.web.ServletTestExecutionListener.resetRequestContextHolder' -> true]]
]]></system-out>
  <system-err><![CDATA[]]></system-err>
</testsuite>
