<?xml version="1.0" encoding="UTF-8"?>
<testsuite name="StringCalculatorTest" tests="20" skipped="0" failures="0" errors="0" timestamp="2020-12-12T03:53:56" hostname="cuui-MacBookPro.local" time="0.099">
  <properties/>
  <testcase name="custom(String, String[])[1]" classname="StringCalculatorTest" time="0.056"/>
  <testcase name="custom(String, String[])[2]" classname="StringCalculatorTest" time="0.001"/>
  <testcase name="custom(String, String[])[3]" classname="StringCalculatorTest" time="0.001"/>
  <testcase name="custom(String, String[])[4]" classname="StringCalculatorTest" time="0.0"/>
  <testcase name="construct(String, int)[1]" classname="StringCalculatorTest" time="0.004"/>
  <testcase name="construct(String, int)[2]" classname="StringCalculatorTest" time="0.001"/>
  <testcase name="construct(String, int)[3]" classname="StringCalculatorTest" time="0.001"/>
  <testcase name="construct(String, int)[4]" classname="StringCalculatorTest" time="0.001"/>
  <testcase name="split(String, String[])[1]" classname="StringCalculatorTest" time="0.0"/>
  <testcase name="split(String, String[])[2]" classname="StringCalculatorTest" time="0.0"/>
  <testcase name="split(String, String[])[3]" classname="StringCalculatorTest" time="0.0"/>
  <testcase name="split(String, String[])[4]" classname="StringCalculatorTest" time="0.0"/>
  <testcase name="constructCustom(String, int)[1]" classname="StringCalculatorTest" time="0.001"/>
  <testcase name="constructCustom(String, int)[2]" classname="StringCalculatorTest" time="0.0"/>
  <testcase name="constructCustom(String, int)[3]" classname="StringCalculatorTest" time="0.001"/>
  <testcase name="constructCustom(String, int)[4]" classname="StringCalculatorTest" time="0.002"/>
  <testcase name="exception(String)[1]" classname="StringCalculatorTest" time="0.002"/>
  <testcase name="exception(String)[2]" classname="StringCalculatorTest" time="0.001"/>
  <testcase name="exception(String)[3]" classname="StringCalculatorTest" time="0.001"/>
  <testcase name="exception(String)[4]" classname="StringCalculatorTest" time="0.001"/>
  <system-out><![CDATA[]]></system-out>
  <system-err><![CDATA[]]></system-err>
</testsuite>
