<?xml version="1.0" encoding="UTF-8"?>
<testsuite name="jpa.StationRepositoryTest" tests="1" skipped="0" failures="0" errors="0" timestamp="2020-12-26T13:28:57" hostname="cuui-MacBookPro.local" time="0.417">
  <properties/>
  <testcase name="사용자는_여러_즐겨찾기를_가질_수_있다()" classname="jpa.StationRepositoryTest" time="0.417"/>
  <system-out><![CDATA[22:28:54.979 [Test worker] DEBUG org.springframework.test.context.BootstrapUtils - Instantiating CacheAwareContextLoaderDelegate from class [org.springframework.test.context.cache.DefaultCacheAwareContextLoaderDelegate]
22:28:54.991 [Test worker] DEBUG org.springframework.test.context.BootstrapUtils - Instantiating BootstrapContext using constructor [public org.springframework.test.context.support.DefaultBootstrapContext(java.lang.Class,org.springframework.test.context.CacheAwareContextLoaderDelegate)]
22:28:55.029 [Test worker] DEBUG org.springframework.test.context.BootstrapUtils - Instantiating TestContextBootstrapper for test class [jpa.StationRepositoryTest] from class [org.springframework.boot.test.autoconfigure.orm.jpa.DataJpaTestContextBootstrapper]
22:28:55.046 [Test worker] INFO org.springframework.boot.test.autoconfigure.orm.jpa.DataJpaTestContextBootstrapper - Neither @ContextConfiguration nor @ContextHierarchy found for test class [jpa.StationRepositoryTest], using SpringBootContextLoader
22:28:55.051 [Test worker] DEBUG org.springframework.test.context.support.AbstractContextLoader - Did not detect default resource location for test class [jpa.StationRepositoryTest]: class path resource [jpa/StationRepositoryTest-context.xml] does not exist
22:28:55.052 [Test worker] DEBUG org.springframework.test.context.support.AbstractContextLoader - Did not detect default resource location for test class [jpa.StationRepositoryTest]: class path resource [jpa/StationRepositoryTestContext.groovy] does not exist
22:28:55.052 [Test worker] INFO org.springframework.test.context.support.AbstractContextLoader - Could not detect default resource locations for test class [jpa.StationRepositoryTest]: no resource found for suffixes {-context.xml, Context.groovy}.
22:28:55.053 [Test worker] INFO org.springframework.test.context.support.AnnotationConfigContextLoaderUtils - Could not detect default configuration classes for test class [jpa.StationRepositoryTest]: StationRepositoryTest does not declare any static, non-private, non-final, nested classes annotated with @Configuration.
22:28:55.108 [Test worker] DEBUG org.springframework.test.context.support.ActiveProfilesUtils - Could not find an 'annotation declaring class' for annotation type [org.springframework.test.context.ActiveProfiles] and class [jpa.StationRepositoryTest]
22:28:55.173 [Test worker] DEBUG org.springframework.context.annotation.ClassPathScanningCandidateComponentProvider - Identified candidate component class: file [/Users/cu/Workspaces/practice/jwp-jpa/build/classes/java/main/jpa/Application.class]
22:28:55.178 [Test worker] INFO org.springframework.boot.test.context.SpringBootTestContextBootstrapper - Found @SpringBootConfiguration jpa.Application for test class jpa.StationRepositoryTest
22:28:55.182 [Test worker] DEBUG org.springframework.boot.test.autoconfigure.orm.jpa.DataJpaTestContextBootstrapper - @TestExecutionListeners is not present for class [jpa.StationRepositoryTest]: using defaults.
22:28:55.182 [Test worker] INFO org.springframework.boot.test.autoconfigure.orm.jpa.DataJpaTestContextBootstrapper - Loaded default TestExecutionListener class names from location [META-INF/spring.factories]: [org.springframework.boot.test.autoconfigure.restdocs.RestDocsTestExecutionListener, org.springframework.boot.test.autoconfigure.web.client.MockRestServiceServerResetTestExecutionListener, org.springframework.boot.test.autoconfigure.web.servlet.MockMvcPrintOnlyOnFailureTestExecutionListener, org.springframework.boot.test.autoconfigure.web.servlet.WebDriverTestExecutionListener, org.springframework.boot.test.autoconfigure.webservices.client.MockWebServiceServerTestExecutionListener, org.springframework.boot.test.mock.mockito.MockitoTestExecutionListener, org.springframework.boot.test.mock.mockito.ResetMocksTestExecutionListener, org.springframework.test.context.web.ServletTestExecutionListener, org.springframework.test.context.support.DirtiesContextBeforeModesTestExecutionListener, org.springframework.test.context.support.DependencyInjectionTestExecutionListener, org.springframework.test.context.support.DirtiesContextTestExecutionListener, org.springframework.test.context.transaction.TransactionalTestExecutionListener, org.springframework.test.context.jdbc.SqlScriptsTestExecutionListener, org.springframework.test.context.event.EventPublishingTestExecutionListener]
22:28:55.193 [Test worker] DEBUG org.springframework.boot.test.autoconfigure.orm.jpa.DataJpaTestContextBootstrapper - Skipping candidate TestExecutionListener [org.springframework.test.context.web.ServletTestExecutionListener] due to a missing dependency. Specify custom listener classes or make the default listener classes and their required dependencies available. Offending class: [javax/servlet/ServletContext]
22:28:55.208 [Test worker] INFO org.springframework.boot.test.autoconfigure.orm.jpa.DataJpaTestContextBootstrapper - Using TestExecutionListeners: [org.springframework.test.context.support.DirtiesContextBeforeModesTestExecutionListener@356d2707, org.springframework.boot.test.mock.mockito.MockitoTestExecutionListener@2a452df6, org.springframework.boot.test.autoconfigure.SpringBootDependencyInjectionTestExecutionListener@209f466d, org.springframework.test.context.support.DirtiesContextTestExecutionListener@87409a4, org.springframework.test.context.transaction.TransactionalTestExecutionListener@54fd42b2, org.springframework.test.context.jdbc.SqlScriptsTestExecutionListener@57d4ef46, org.springframework.test.context.event.EventPublishingTestExecutionListener@da277ff, org.springframework.boot.test.autoconfigure.restdocs.RestDocsTestExecutionListener@253366c6, org.springframework.boot.test.autoconfigure.web.client.MockRestServiceServerResetTestExecutionListener@1be54800, org.springframework.boot.test.autoconfigure.web.servlet.MockMvcPrintOnlyOnFailureTestExecutionListener@6b3b2ae5, org.springframework.boot.test.autoconfigure.web.servlet.WebDriverTestExecutionListener@7538a5f2, org.springframework.boot.test.autoconfigure.webservices.client.MockWebServiceServerTestExecutionListener@4b03e8c5, org.springframework.boot.test.mock.mockito.ResetMocksTestExecutionListener@7a171ced]
22:28:55.212 [Test worker] DEBUG org.springframework.test.context.support.AbstractDirtiesContextTestExecutionListener - Before test class: context [DefaultTestContext@71676ff2 testClass = StationRepositoryTest, testInstance = [null], testMethod = [null], testException = [null], mergedContextConfiguration = [MergedContextConfiguration@36c470f7 testClass = StationRepositoryTest, locations = '{}', classes = '{class jpa.Application}', contextInitializerClasses = '[]', activeProfiles = '{}', propertySourceLocations = '{}', propertySourceProperties = '{org.springframework.boot.test.autoconfigure.orm.jpa.DataJpaTestContextBootstrapper=true}', contextCustomizers = set[org.springframework.boot.test.autoconfigure.OverrideAutoConfigurationContextCustomizerFactory$DisableAutoConfigurationContextCustomizer@6b1ed02c, org.springframework.boot.test.autoconfigure.actuate.metrics.MetricsExportContextCustomizerFactory$DisableMetricExportContextCustomizer@1ef29335, org.springframework.boot.test.autoconfigure.filter.TypeExcludeFiltersContextCustomizer@351584c0, org.springframework.boot.test.autoconfigure.properties.PropertyMappingContextCustomizer@1be17a52, org.springframework.boot.test.autoconfigure.web.servlet.WebDriverContextCustomizerFactory$Customizer@1defdfeb, [ImportsContextCustomizer@1192b996 key = [org.springframework.boot.autoconfigure.cache.CacheAutoConfiguration, org.springframework.boot.autoconfigure.data.jpa.JpaRepositoriesAutoConfiguration, org.springframework.boot.autoconfigure.flyway.FlywayAutoConfiguration, org.springframework.boot.autoconfigure.jdbc.DataSourceAutoConfiguration, org.springframework.boot.autoconfigure.jdbc.DataSourceTransactionManagerAutoConfiguration, org.springframework.boot.autoconfigure.jdbc.JdbcTemplateAutoConfiguration, org.springframework.boot.autoconfigure.liquibase.LiquibaseAutoConfiguration, org.springframework.boot.autoconfigure.orm.jpa.HibernateJpaAutoConfiguration, org.springframework.boot.autoconfigure.transaction.TransactionAutoConfiguration, org.springframework.boot.test.autoconfigure.jdbc.TestDatabaseAutoConfiguration, org.springframework.boot.test.autoconfigure.orm.jpa.TestEntityManagerAutoConfiguration]], org.springframework.boot.test.context.filter.ExcludeFilterContextCustomizer@20b47728, org.springframework.boot.test.json.DuplicateJsonObjectContextCustomizerFactory$DuplicateJsonObjectContextCustomizer@4959121f, org.springframework.boot.test.mock.mockito.MockitoContextCustomizer@0, org.springframework.boot.test.context.SpringBootTestArgs@1, org.springframework.boot.test.context.SpringBootTestWebEnvironment@0], contextLoader = 'org.springframework.boot.test.context.SpringBootContextLoader', parent = [null]], attributes = map[[empty]]], class annotated with @DirtiesContext [false] with mode [null].
22:28:55.224 [Test worker] DEBUG org.springframework.test.context.support.DependencyInjectionTestExecutionListener - Performing dependency injection for test context [[DefaultTestContext@71676ff2 testClass = StationRepositoryTest, testInstance = jpa.StationRepositoryTest@63f6440, testMethod = [null], testException = [null], mergedContextConfiguration = [MergedContextConfiguration@36c470f7 testClass = StationRepositoryTest, locations = '{}', classes = '{class jpa.Application}', contextInitializerClasses = '[]', activeProfiles = '{}', propertySourceLocations = '{}', propertySourceProperties = '{org.springframework.boot.test.autoconfigure.orm.jpa.DataJpaTestContextBootstrapper=true}', contextCustomizers = set[org.springframework.boot.test.autoconfigure.OverrideAutoConfigurationContextCustomizerFactory$DisableAutoConfigurationContextCustomizer@6b1ed02c, org.springframework.boot.test.autoconfigure.actuate.metrics.MetricsExportContextCustomizerFactory$DisableMetricExportContextCustomizer@1ef29335, org.springframework.boot.test.autoconfigure.filter.TypeExcludeFiltersContextCustomizer@351584c0, org.springframework.boot.test.autoconfigure.properties.PropertyMappingContextCustomizer@1be17a52, org.springframework.boot.test.autoconfigure.web.servlet.WebDriverContextCustomizerFactory$Customizer@1defdfeb, [ImportsContextCustomizer@1192b996 key = [org.springframework.boot.autoconfigure.cache.CacheAutoConfiguration, org.springframework.boot.autoconfigure.data.jpa.JpaRepositoriesAutoConfiguration, org.springframework.boot.autoconfigure.flyway.FlywayAutoConfiguration, org.springframework.boot.autoconfigure.jdbc.DataSourceAutoConfiguration, org.springframework.boot.autoconfigure.jdbc.DataSourceTransactionManagerAutoConfiguration, org.springframework.boot.autoconfigure.jdbc.JdbcTemplateAutoConfiguration, org.springframework.boot.autoconfigure.liquibase.LiquibaseAutoConfiguration, org.springframework.boot.autoconfigure.orm.jpa.HibernateJpaAutoConfiguration, org.springframework.boot.autoconfigure.transaction.TransactionAutoConfiguration, org.springframework.boot.test.autoconfigure.jdbc.TestDatabaseAutoConfiguration, org.springframework.boot.test.autoconfigure.orm.jpa.TestEntityManagerAutoConfiguration]], org.springframework.boot.test.context.filter.ExcludeFilterContextCustomizer@20b47728, org.springframework.boot.test.json.DuplicateJsonObjectContextCustomizerFactory$DuplicateJsonObjectContextCustomizer@4959121f, org.springframework.boot.test.mock.mockito.MockitoContextCustomizer@0, org.springframework.boot.test.context.SpringBootTestArgs@1, org.springframework.boot.test.context.SpringBootTestWebEnvironment@0], contextLoader = 'org.springframework.boot.test.context.SpringBootContextLoader', parent = [null]], attributes = map[[empty]]]].
22:28:55.253 [Test worker] DEBUG org.springframework.test.context.support.TestPropertySourceUtils - Adding inlined properties to environment: {spring.jmx.enabled=false, org.springframework.boot.test.autoconfigure.orm.jpa.DataJpaTestContextBootstrapper=true}

  .   ____          _            __ _ _
 /\\ / ___'_ __ _ _(_)_ __  __ _ \ \ \ \
( ( )\___ | '_ | '_| | '_ \/ _` | \ \ \ \
 \\/  ___)| |_)| | | | | || (_| |  ) ) ) )
  '  |____| .__|_| |_|_| |_\__, | / / / /
 =========|_|==============|___/=/_/_/_/
 :: Spring Boot ::                (v2.4.1)

2020-12-26 22:28:55.535  INFO 62038 --- [    Test worker] jpa.StationRepositoryTest                : Starting StationRepositoryTest using Java 14.0.1 on cuui-MacBookPro.local with PID 62038 (started by cu in /Users/cu/Workspaces/practice/jwp-jpa)
2020-12-26 22:28:55.537  INFO 62038 --- [    Test worker] jpa.StationRepositoryTest                : No active profile set, falling back to default profiles: default
2020-12-26 22:28:55.882  INFO 62038 --- [    Test worker] .s.d.r.c.RepositoryConfigurationDelegate : Bootstrapping Spring Data JPA repositories in DEFAULT mode.
2020-12-26 22:28:55.939  INFO 62038 --- [    Test worker] .s.d.r.c.RepositoryConfigurationDelegate : Finished Spring Data repository scanning in 49 ms. Found 5 JPA repository interfaces.
2020-12-26 22:28:56.003  INFO 62038 --- [    Test worker] beddedDataSourceBeanFactoryPostProcessor : Replacing 'dataSource' DataSource bean with embedded version
2020-12-26 22:28:56.203  INFO 62038 --- [    Test worker] o.s.j.d.e.EmbeddedDatabaseFactory        : Starting embedded database: url='jdbc:h2:mem:65bc65c8-a187-4db8-8841-85b899bae6da;DB_CLOSE_DELAY=-1;DB_CLOSE_ON_EXIT=false', username='sa'
2020-12-26 22:28:56.551  INFO 62038 --- [    Test worker] o.hibernate.jpa.internal.util.LogHelper  : HHH000204: Processing PersistenceUnitInfo [name: default]
2020-12-26 22:28:56.613  INFO 62038 --- [    Test worker] org.hibernate.Version                    : HHH000412: Hibernate ORM core version 5.4.25.Final
2020-12-26 22:28:56.755  INFO 62038 --- [    Test worker] o.hibernate.annotations.common.Version   : HCANN000001: Hibernate Commons Annotations {5.1.2.Final}
2020-12-26 22:28:56.878  INFO 62038 --- [    Test worker] org.hibernate.dialect.Dialect            : HHH000400: Using dialect: org.hibernate.dialect.H2Dialect
Hibernate: 
    
    drop table if exists favorite CASCADE 
Hibernate: 
    
    drop table if exists line CASCADE 
Hibernate: 
    
    drop table if exists line_station CASCADE 
Hibernate: 
    
    drop table if exists member CASCADE 
Hibernate: 
    
    drop table if exists station CASCADE 
Hibernate: 
    
    create table favorite (
       id bigint generated by default as identity,
        created_date timestamp,
        modified_date timestamp,
        down_line_id bigint,
        member_id bigint,
        up_line_id bigint,
        primary key (id)
    )
Hibernate: 
    
    create table line (
       id bigint generated by default as identity,
        created_date timestamp,
        modified_date timestamp,
        color varchar(255),
        name varchar(255),
        primary key (id)
    )
Hibernate: 
    
    create table line_station (
       id bigint generated by default as identity,
        created_date timestamp,
        modified_date timestamp,
        line_id bigint,
        station_id bigint,
        primary key (id)
    )
Hibernate: 
    
    create table member (
       id bigint generated by default as identity,
        created_date timestamp,
        modified_date timestamp,
        age integer,
        email varchar(255) not null,
        password varchar(255),
        primary key (id)
    )
Hibernate: 
    
    create table station (
       id bigint generated by default as identity,
        created_date timestamp,
        modified_date timestamp,
        name varchar(255),
        primary key (id)
    )
Hibernate: 
    
    alter table line 
       add constraint UK_9ney9davbulf79nmn9vg6k7tn unique (name)
Hibernate: 
    
    alter table member 
       add constraint UK_mbmcqelty0fbrvxp1q58dn57t unique (email)
Hibernate: 
    
    alter table station 
       add constraint UK_gnneuc0peq2qi08yftdjhy7ok unique (name)
Hibernate: 
    
    alter table line_station 
       add constraint FKawlxkihpbfvr39jka1t9jbbxu 
       foreign key (line_id) 
       references line
Hibernate: 
    
    alter table line_station 
       add constraint FK78y8i0a0kum6n7s2qss4wi6i9 
       foreign key (station_id) 
       references station
2020-12-26 22:28:57.480  INFO 62038 --- [    Test worker] o.h.e.t.j.p.i.JtaPlatformInitiator       : HHH000490: Using JtaPlatform implementation: [org.hibernate.engine.transaction.jta.platform.internal.NoJtaPlatform]
2020-12-26 22:28:57.492  INFO 62038 --- [    Test worker] j.LocalContainerEntityManagerFactoryBean : Initialized JPA EntityManagerFactory for persistence unit 'default'
2020-12-26 22:28:57.941  INFO 62038 --- [    Test worker] jpa.StationRepositoryTest                : Started StationRepositoryTest in 2.686 seconds (JVM running for 3.633)
2020-12-26 22:28:57.960  INFO 62038 --- [    Test worker] o.s.t.c.transaction.TransactionContext   : Began transaction (1) for test context [DefaultTestContext@71676ff2 testClass = StationRepositoryTest, testInstance = jpa.StationRepositoryTest@63f6440, testMethod = 사용자는_여러_즐겨찾기를_가질_수_있다@StationRepositoryTest, testException = [null], mergedContextConfiguration = [MergedContextConfiguration@36c470f7 testClass = StationRepositoryTest, locations = '{}', classes = '{class jpa.Application}', contextInitializerClasses = '[]', activeProfiles = '{}', propertySourceLocations = '{}', propertySourceProperties = '{org.springframework.boot.test.autoconfigure.orm.jpa.DataJpaTestContextBootstrapper=true}', contextCustomizers = set[org.springframework.boot.test.autoconfigure.OverrideAutoConfigurationContextCustomizerFactory$DisableAutoConfigurationContextCustomizer@6b1ed02c, org.springframework.boot.test.autoconfigure.actuate.metrics.MetricsExportContextCustomizerFactory$DisableMetricExportContextCustomizer@1ef29335, org.springframework.boot.test.autoconfigure.filter.TypeExcludeFiltersContextCustomizer@351584c0, org.springframework.boot.test.autoconfigure.properties.PropertyMappingContextCustomizer@1be17a52, org.springframework.boot.test.autoconfigure.web.servlet.WebDriverContextCustomizerFactory$Customizer@1defdfeb, [ImportsContextCustomizer@1192b996 key = [org.springframework.boot.autoconfigure.cache.CacheAutoConfiguration, org.springframework.boot.autoconfigure.data.jpa.JpaRepositoriesAutoConfiguration, org.springframework.boot.autoconfigure.flyway.FlywayAutoConfiguration, org.springframework.boot.autoconfigure.jdbc.DataSourceAutoConfiguration, org.springframework.boot.autoconfigure.jdbc.DataSourceTransactionManagerAutoConfiguration, org.springframework.boot.autoconfigure.jdbc.JdbcTemplateAutoConfiguration, org.springframework.boot.autoconfigure.liquibase.LiquibaseAutoConfiguration, org.springframework.boot.autoconfigure.orm.jpa.HibernateJpaAutoConfiguration, org.springframework.boot.autoconfigure.transaction.TransactionAutoConfiguration, org.springframework.boot.test.autoconfigure.jdbc.TestDatabaseAutoConfiguration, org.springframework.boot.test.autoconfigure.orm.jpa.TestEntityManagerAutoConfiguration]], org.springframework.boot.test.context.filter.ExcludeFilterContextCustomizer@20b47728, org.springframework.boot.test.json.DuplicateJsonObjectContextCustomizerFactory$DuplicateJsonObjectContextCustomizer@4959121f, org.springframework.boot.test.mock.mockito.MockitoContextCustomizer@0, org.springframework.boot.test.context.SpringBootTestArgs@1, org.springframework.boot.test.context.SpringBootTestWebEnvironment@0], contextLoader = 'org.springframework.boot.test.context.SpringBootContextLoader', parent = [null]], attributes = map[[empty]]]; transaction manager [org.springframework.orm.jpa.JpaTransactionManager@3faebfd6]; rollback [true]
Hibernate: 
    select
        station0_.id as id1_4_,
        station0_.created_date as created_2_4_,
        station0_.modified_date as modified3_4_,
        station0_.name as name4_4_ 
    from
        station station0_ 
    where
        station0_.name=?
Hibernate: 
    insert 
    into
        station
        (id, created_date, modified_date, name) 
    values
        (null, ?, ?, ?)
Hibernate: 
    select
        station0_.id as id1_4_,
        station0_.created_date as created_2_4_,
        station0_.modified_date as modified3_4_,
        station0_.name as name4_4_ 
    from
        station station0_ 
    where
        station0_.name=?
Hibernate: 
    insert 
    into
        station
        (id, created_date, modified_date, name) 
    values
        (null, ?, ?, ?)
Hibernate: 
    insert 
    into
        favorite
        (id, created_date, modified_date, down_line_id, member_id, up_line_id) 
    values
        (null, ?, ?, ?, ?, ?)
Hibernate: 
    select
        station0_.id as id1_4_,
        station0_.created_date as created_2_4_,
        station0_.modified_date as modified3_4_,
        station0_.name as name4_4_ 
    from
        station station0_ 
    where
        station0_.name=?
Hibernate: 
    insert 
    into
        station
        (id, created_date, modified_date, name) 
    values
        (null, ?, ?, ?)
Hibernate: 
    select
        station0_.id as id1_4_,
        station0_.created_date as created_2_4_,
        station0_.modified_date as modified3_4_,
        station0_.name as name4_4_ 
    from
        station station0_ 
    where
        station0_.name=?
Hibernate: 
    insert 
    into
        favorite
        (id, created_date, modified_date, down_line_id, member_id, up_line_id) 
    values
        (null, ?, ?, ?, ?, ?)
Hibernate: 
    select
        favorite0_.id as id1_0_,
        favorite0_.created_date as created_2_0_,
        favorite0_.modified_date as modified3_0_,
        favorite0_.down_line_id as down_lin4_0_,
        favorite0_.member_id as member_i5_0_,
        favorite0_.up_line_id as up_line_6_0_ 
    from
        favorite favorite0_ 
    where
        favorite0_.member_id is null
2020-12-26 22:28:58.362  INFO 62038 --- [    Test worker] o.s.t.c.transaction.TransactionContext   : Rolled back transaction for test: [DefaultTestContext@71676ff2 testClass = StationRepositoryTest, testInstance = jpa.StationRepositoryTest@63f6440, testMethod = 사용자는_여러_즐겨찾기를_가질_수_있다@StationRepositoryTest, testException = [null], mergedContextConfiguration = [MergedContextConfiguration@36c470f7 testClass = StationRepositoryTest, locations = '{}', classes = '{class jpa.Application}', contextInitializerClasses = '[]', activeProfiles = '{}', propertySourceLocations = '{}', propertySourceProperties = '{org.springframework.boot.test.autoconfigure.orm.jpa.DataJpaTestContextBootstrapper=true}', contextCustomizers = set[org.springframework.boot.test.autoconfigure.OverrideAutoConfigurationContextCustomizerFactory$DisableAutoConfigurationContextCustomizer@6b1ed02c, org.springframework.boot.test.autoconfigure.actuate.metrics.MetricsExportContextCustomizerFactory$DisableMetricExportContextCustomizer@1ef29335, org.springframework.boot.test.autoconfigure.filter.TypeExcludeFiltersContextCustomizer@351584c0, org.springframework.boot.test.autoconfigure.properties.PropertyMappingContextCustomizer@1be17a52, org.springframework.boot.test.autoconfigure.web.servlet.WebDriverContextCustomizerFactory$Customizer@1defdfeb, [ImportsContextCustomizer@1192b996 key = [org.springframework.boot.autoconfigure.cache.CacheAutoConfiguration, org.springframework.boot.autoconfigure.data.jpa.JpaRepositoriesAutoConfiguration, org.springframework.boot.autoconfigure.flyway.FlywayAutoConfiguration, org.springframework.boot.autoconfigure.jdbc.DataSourceAutoConfiguration, org.springframework.boot.autoconfigure.jdbc.DataSourceTransactionManagerAutoConfiguration, org.springframework.boot.autoconfigure.jdbc.JdbcTemplateAutoConfiguration, org.springframework.boot.autoconfigure.liquibase.LiquibaseAutoConfiguration, org.springframework.boot.autoconfigure.orm.jpa.HibernateJpaAutoConfiguration, org.springframework.boot.autoconfigure.transaction.TransactionAutoConfiguration, org.springframework.boot.test.autoconfigure.jdbc.TestDatabaseAutoConfiguration, org.springframework.boot.test.autoconfigure.orm.jpa.TestEntityManagerAutoConfiguration]], org.springframework.boot.test.context.filter.ExcludeFilterContextCustomizer@20b47728, org.springframework.boot.test.json.DuplicateJsonObjectContextCustomizerFactory$DuplicateJsonObjectContextCustomizer@4959121f, org.springframework.boot.test.mock.mockito.MockitoContextCustomizer@0, org.springframework.boot.test.context.SpringBootTestArgs@1, org.springframework.boot.test.context.SpringBootTestWebEnvironment@0], contextLoader = 'org.springframework.boot.test.context.SpringBootContextLoader', parent = [null]], attributes = map[[empty]]]
]]></system-out>
  <system-err><![CDATA[]]></system-err>
</testsuite>
